[2018-10-16 16:29:34.370] [exthost1] [info] extension host started
[2018-10-16 16:29:34.390] [exthost1] [info] ExtensionService#_doActivateExtension vscode.debug-auto-launch {"startup":true,"activationEvent":"*"}
[2018-10-16 16:29:34.390] [exthost1] [info] ExtensionService#loadCommonJSModule /usr/lib/code/extensions/debug-auto-launch/out/extension
[2018-10-16 16:29:34.398] [exthost1] [info] ExtensionService#_doActivateExtension vscode.emmet {"startup":true,"activationEvent":"*"}
[2018-10-16 16:29:34.398] [exthost1] [info] ExtensionService#loadCommonJSModule /usr/lib/code/extensions/emmet/dist/extension
[2018-10-16 16:29:34.455] [exthost1] [info] ExtensionService#_doActivateExtension vscode.git {"startup":true,"activationEvent":"*"}
[2018-10-16 16:29:34.455] [exthost1] [info] ExtensionService#loadCommonJSModule /usr/lib/code/extensions/git/dist/main
[2018-10-16 16:29:34.630] [exthost1] [info] ExtensionService#_doActivateExtension vscode.merge-conflict {"startup":true,"activationEvent":"*"}
[2018-10-16 16:29:34.630] [exthost1] [info] ExtensionService#loadCommonJSModule /usr/lib/code/extensions/merge-conflict/out/extension
[2018-10-16 16:29:34.641] [exthost1] [info] ExtensionService#_doActivateExtension vscode.search-rg {"startup":true,"activationEvent":"*"}
[2018-10-16 16:29:34.641] [exthost1] [info] ExtensionService#loadCommonJSModule /usr/lib/code/extensions/search-rg/out/extension
[2018-10-16 16:29:34.647] [exthost1] [info] ExtensionService#_doActivateExtension cmschuetz12.wal {"startup":true,"activationEvent":"*"}
[2018-10-16 16:29:34.647] [exthost1] [info] ExtensionService#loadCommonJSModule /home/isotope/.vscode-oss/extensions/cmschuetz12.wal-0.1.0/out/extension
[2018-10-16 16:29:34.677] [exthost1] [info] ExtensionService#_doActivateExtension Equinusocio.vsc-material-theme {"startup":true,"activationEvent":"*"}
[2018-10-16 16:29:34.677] [exthost1] [info] ExtensionService#loadCommonJSModule /home/isotope/.vscode-oss/extensions/equinusocio.vsc-material-theme-2.4.2/extensions/material.theme.config.js
[2018-10-16 16:29:34.690] [exthost1] [info] ExtensionService#_doActivateExtension naumovs.color-highlight {"startup":true,"activationEvent":"*"}
[2018-10-16 16:29:34.690] [exthost1] [info] ExtensionService#loadCommonJSModule /home/isotope/.vscode-oss/extensions/naumovs.color-highlight-2.3.0/dist/extension
[2018-10-16 16:29:34.733] [exthost1] [info] eager extensions activated
[2018-10-16 16:29:34.754] [exthost1] [info] ExtensionService#_doActivateExtension vscode.python {"startup":false,"activationEvent":"onLanguage:python"}
[2018-10-16 16:29:34.754] [exthost1] [info] ExtensionService#loadCommonJSModule /usr/lib/code/extensions/python/out/pythonMain
[2018-10-16 16:29:34.984] [exthost1] [info] ExtensionService#_doActivateExtension vscode.configuration-editing {"startup":false,"activationEvent":"onLanguage:jsonc"}
[2018-10-16 16:29:34.985] [exthost1] [info] ExtensionService#loadCommonJSModule /usr/lib/code/extensions/configuration-editing/out/extension
[2018-10-16 16:29:34.997] [exthost1] [info] ExtensionService#_doActivateExtension vscode.json-language-features {"startup":false,"activationEvent":"onLanguage:jsonc"}
[2018-10-16 16:29:34.997] [exthost1] [info] ExtensionService#loadCommonJSModule /usr/lib/code/extensions/json-language-features/client/dist/jsonMain
[2018-10-16 16:29:35.101] [exthost1] [info] ExtensionService#_doActivateExtension vscode.typescript-language-features {"startup":false,"activationEvent":"onLanguage:jsonc"}
[2018-10-16 16:29:35.101] [exthost1] [info] ExtensionService#loadCommonJSModule /usr/lib/code/extensions/typescript-language-features/dist/extension
